<?xml version="1.0" encoding="UTF-8"?>
<!-- Generated by org.testng.reporters.JUnitReportReporter -->
<testsuite hostname="DESKTOP-OT8BPVR" failures="0" tests="2" name="pack.Trelloboard" time="12.036" errors="0" timestamp="2023-11-20T12:59:57 IST" skipped="0">
  <testcase classname="pack.Trelloboard" name="Createboard" time="9.584"/>
  <system-out/>
  <testcase classname="pack.Trelloboard" name="DeleteBoard" time="2.452"/>
  <system-out/>
</testsuite> <!-- pack.Trelloboard -->
