<?xml version="1.0" encoding="UTF-8"?>
<!-- Generated by org.testng.reporters.JUnitReportReporter -->
<testsuite hostname="DESKTOP-OT8BPVR" failures="0" tests="6" name="pack.Sample" time="6.029" errors="0" timestamp="2023-11-20T12:01:38 IST" skipped="5">
  <testcase classname="pack.Sample" name="Delete" time="6.029"/>
  <system-out/>
  <testcase classname="pack.Sample" name="getUsers">
    <skipped/>
  </testcase> <!-- getUsers -->
  <system-out/>
  <testcase classname="pack.Sample" name="UpdateUser">
    <skipped/>
  </testcase> <!-- UpdateUser -->
  <system-out/>
  <testcase classname="pack.Sample" name="getSingleUser">
    <skipped/>
  </testcase> <!-- getSingleUser -->
  <system-out/>
  <testcase classname="pack.Sample" name="getAllUser">
    <skipped/>
  </testcase> <!-- getAllUser -->
  <system-out/>
  <testcase classname="pack.Sample" name="createUser">
    <skipped/>
  </testcase> <!-- createUser -->
  <system-out/>
</testsuite> <!-- pack.Sample -->
